This is pdfTeX, Version 3.14159265-2.6-1.40.20 (MiKTeX 2.9.7250 64-bit) (preloaded format=pdflatex 2020.1.23)  5 MAR 2020 23:47
entering extended mode
**./Proyecto-Latex.tex
(Proyecto-Latex.tex
LaTeX2e <2019-10-01> patch level 3
("C:\Users\Alex\AppData\Local\Programs\MiKTeX 2.9\tex/latex/base\article.cls"
Document Class: article 2019/10/25 v1.4k Standard LaTeX document class
("C:\Users\Alex\AppData\Local\Programs\MiKTeX 2.9\tex/latex/base\size10.clo"
File: size10.clo 2019/10/25 v1.4k Standard LaTeX file (size option)
)
\c@part=\count80
\c@section=\count81
\c@subsection=\count82
\c@subsubsection=\count83
\c@paragraph=\count84
\c@subparagraph=\count85
\c@figure=\count86
\c@table=\count87
\abovecaptionskip=\skip41
\belowcaptionskip=\skip42
\bibindent=\dimen102
)
("C:\Users\Alex\AppData\Local\Programs\MiKTeX 2.9\tex/latex/base\inputenc.sty"
Package: inputenc 2018/08/11 v1.3c Input encoding file
\inpenc@prehook=\toks14
\inpenc@posthook=\toks15
) ("C:\Users\Alex\AppData\Local\Programs\MiKTeX 2.9\tex/latex/amsmath\amsmath.s
ty"
Package: amsmath 2019/11/16 v2.17d AMS math features
\@mathmargin=\skip43

For additional information on amsmath, use the `?' option.
("C:\Users\Alex\AppData\Local\Programs\MiKTeX 2.9\tex/latex/amsmath\amstext.sty
"
Package: amstext 2000/06/29 v2.01 AMS text
 ("C:\Users\Alex\AppData\Local\Programs\MiKTeX 2.9\tex/latex/amsmath\amsgen.sty
"
File: amsgen.sty 1999/11/30 v2.0 generic functions
\@emptytoks=\toks16
\ex@=\dimen103
))
("C:\Users\Alex\AppData\Local\Programs\MiKTeX 2.9\tex/latex/amsmath\amsbsy.sty"
Package: amsbsy 1999/11/29 v1.2d Bold Symbols
\pmbraise@=\dimen104
) ("C:\Users\Alex\AppData\Local\Programs\MiKTeX 2.9\tex/latex/amsmath\amsopn.st
y"
Package: amsopn 2016/03/08 v2.02 operator names
)
\inf@bad=\count88
LaTeX Info: Redefining \frac on input line 227.
\uproot@=\count89
\leftroot@=\count90
LaTeX Info: Redefining \overline on input line 389.
\classnum@=\count91
\DOTSCASE@=\count92
LaTeX Info: Redefining \ldots on input line 486.
LaTeX Info: Redefining \dots on input line 489.
LaTeX Info: Redefining \cdots on input line 610.
\Mathstrutbox@=\box27
\strutbox@=\box28
\big@size=\dimen105
LaTeX Font Info:    Redeclaring font encoding OML on input line 733.
LaTeX Font Info:    Redeclaring font encoding OMS on input line 734.
\macc@depth=\count93
\c@MaxMatrixCols=\count94
\dotsspace@=\muskip10
\c@parentequation=\count95
\dspbrk@lvl=\count96
\tag@help=\toks17
\row@=\count97
\column@=\count98
\maxfields@=\count99
\andhelp@=\toks18
\eqnshift@=\dimen106
\alignsep@=\dimen107
\tagshift@=\dimen108
\tagwidth@=\dimen109
\totwidth@=\dimen110
\lineht@=\dimen111
\@envbody=\toks19
\multlinegap=\skip44
\multlinetaggap=\skip45
\mathdisplay@stack=\toks20
LaTeX Info: Redefining \[ on input line 2858.
LaTeX Info: Redefining \] on input line 2859.
)
("C:\Users\Alex\AppData\Local\Programs\MiKTeX 2.9\tex/latex/amsfonts\amsfonts.s
ty"
Package: amsfonts 2013/01/14 v3.01 Basic AMSFonts support
\symAMSa=\mathgroup4
\symAMSb=\mathgroup5
LaTeX Font Info:    Redeclaring math symbol \hbar on input line 98.
LaTeX Font Info:    Overwriting math alphabet `\mathfrak' in version `bold'
(Font)                  U/euf/m/n --> U/euf/b/n on input line 106.
)
("C:\Users\Alex\AppData\Local\Programs\MiKTeX 2.9\tex/latex/amsfonts\amssymb.st
y"
Package: amssymb 2013/01/14 v3.01 AMS font symbols
)
("C:\Users\Alex\AppData\Local\Programs\MiKTeX 2.9\tex/latex/graphics\graphicx.s
ty"
Package: graphicx 2017/06/01 v1.1a Enhanced LaTeX Graphics (DPC,SPQR)

("C:\Users\Alex\AppData\Local\Programs\MiKTeX 2.9\tex/latex/graphics\keyval.sty
"
Package: keyval 2014/10/28 v1.15 key=value parser (DPC)
\KV@toks@=\toks21
)
("C:\Users\Alex\AppData\Local\Programs\MiKTeX 2.9\tex/latex/graphics\graphics.s
ty"
Package: graphics 2019/11/01 v1.3d Standard LaTeX Graphics (DPC,SPQR)

("C:\Users\Alex\AppData\Local\Programs\MiKTeX 2.9\tex/latex/graphics\trig.sty"
Package: trig 2016/01/03 v1.10 sin cos tan (DPC)
)
("C:\Users\Alex\AppData\Local\Programs\MiKTeX 2.9\tex/latex/graphics-cfg\graphi
cs.cfg"
File: graphics.cfg 2016/06/04 v1.11 sample graphics configuration
)
Package graphics Info: Driver file: pdftex.def on input line 105.

("C:\Users\Alex\AppData\Local\Programs\MiKTeX 2.9\tex/latex/graphics-def\pdftex
.def"
File: pdftex.def 2018/01/08 v1.0l Graphics/color driver for pdftex
))
\Gin@req@height=\dimen112
\Gin@req@width=\dimen113
) (Proyecto-Latex.aux)
\openout1 = `Proyecto-Latex.aux'.

LaTeX Font Info:    Checking defaults for OML/cmm/m/it on input line 7.
LaTeX Font Info:    ... okay on input line 7.
LaTeX Font Info:    Checking defaults for T1/cmr/m/n on input line 7.
LaTeX Font Info:    ... okay on input line 7.
LaTeX Font Info:    Checking defaults for OT1/cmr/m/n on input line 7.
LaTeX Font Info:    ... okay on input line 7.
LaTeX Font Info:    Checking defaults for OMS/cmsy/m/n on input line 7.
LaTeX Font Info:    ... okay on input line 7.
LaTeX Font Info:    Checking defaults for OMX/cmex/m/n on input line 7.
LaTeX Font Info:    ... okay on input line 7.
LaTeX Font Info:    Checking defaults for U/cmr/m/n on input line 7.
LaTeX Font Info:    ... okay on input line 7.

("C:\Users\Alex\AppData\Local\Programs\MiKTeX 2.9\tex/context/base/mkii\supp-pd
f.mkii"
[Loading MPS to PDF converter (version 2006.09.02).]
\scratchcounter=\count100
\scratchdimen=\dimen114
\scratchbox=\box29
\nofMPsegments=\count101
\nofMParguments=\count102
\everyMPshowfont=\toks22
\MPscratchCnt=\count103
\MPscratchDim=\dimen115
\MPnumerator=\count104
\makeMPintoPDFobject=\count105
\everyMPtoPDFconversion=\toks23
)
("C:\Users\Alex\AppData\Local\Programs\MiKTeX 2.9\tex/latex/epstopdf-pkg\epstop
df-base.sty"
Package: epstopdf-base 2019-12-09 v2.10 Base part for package epstopdf
Package epstopdf-base Info: Redefining graphics rule for `.eps' on input line 4
85.
) [1

{C:/Users/Alex/AppData/Local/MiKTeX/2.9/pdftex/config/pdftex.map}]
LaTeX Font Info:    Trying to load font information for OMS+cmr on input line 6
6.
 ("C:\Users\Alex\AppData\Local\Programs\MiKTeX 2.9\tex/latex/base\omscmr.fd"
File: omscmr.fd 2014/09/29 v2.5h Standard LaTeX font definitions
)
LaTeX Font Info:    Font shape `OMS/cmr/m/n' in size <10> not available
(Font)              Font shape `OMS/cmsy/m/n' tried instead on input line 66.
<Imagen1.png, id=7, 91.542pt x 309.3156pt>
File: Imagen1.png Graphic file (type png)
<use Imagen1.png>
Package pdftex.def Info: Imagen1.png  used on input line 117.
(pdftex.def)             Requested size: 91.54178pt x 309.31483pt.
 [2]
<Imagen2.png, id=13, 118.041pt x 284.262pt>
File: Imagen2.png Graphic file (type png)
<use Imagen2.png>
Package pdftex.def Info: Imagen2.png  used on input line 122.
(pdftex.def)             Requested size: 118.0407pt x 284.26129pt.
 [3 <./Imagen1.png>]
<Imagen3.png, id=18, 288.5982pt x 213.4374pt>
File: Imagen3.png Graphic file (type png)
<use Imagen3.png>
Package pdftex.def Info: Imagen3.png  used on input line 127.
(pdftex.def)             Requested size: 288.59749pt x 213.43686pt.
 [4 <./Imagen2.png> <./Imagen3.png>]
<Imagen4.png, id=24, 414.8298pt x 259.2084pt>
File: Imagen4.png Graphic file (type png)
<use Imagen4.png>
Package pdftex.def Info: Imagen4.png  used on input line 150.
(pdftex.def)             Requested size: 414.82878pt x 259.20775pt.

Overfull \hbox (69.82878pt too wide) in paragraph at lines 150--151
 [] 
 []

<Imagen5.png, id=25, 428.802pt x 271.7352pt>
File: Imagen5.png Graphic file (type png)
<use Imagen5.png>
Package pdftex.def Info: Imagen5.png  used on input line 161.
(pdftex.def)             Requested size: 428.80095pt x 271.73451pt.
<Imagen6.png, id=26, 275.1078pt x 254.8722pt>
File: Imagen6.png Graphic file (type png)
<use Imagen6.png>
Package pdftex.def Info: Imagen6.png  used on input line 162.
(pdftex.def)             Requested size: 275.10712pt x 254.87157pt.
<Imagen8.png, id=27, 428.802pt x 227.4096pt>
File: Imagen8.png Graphic file (type png)
<use Imagen8.png>
Package pdftex.def Info: Imagen8.png  used on input line 163.
(pdftex.def)             Requested size: 428.80095pt x 227.40904pt.
<Imagen9.png, id=28, 391.7034pt x 247.6452pt>
File: Imagen9.png Graphic file (type png)
<use Imagen9.png>
Package pdftex.def Info: Imagen9.png  used on input line 164.
(pdftex.def)             Requested size: 391.70244pt x 247.64458pt.
<Imagen10.png, id=29, 360.3864pt x 276.5532pt>
File: Imagen10.png Graphic file (type png)
<use Imagen10.png>
Package pdftex.def Info: Imagen10.png  used on input line 165.
(pdftex.def)             Requested size: 360.38551pt x 276.55252pt.

Overfull \hbox (83.80095pt too wide) in paragraph at lines 161--166
 [] 
 []


Overfull \hbox (83.80095pt too wide) in paragraph at lines 161--166
 [] 
 []


Overfull \hbox (46.70244pt too wide) in paragraph at lines 161--166
 [] 
 []


Overfull \hbox (15.38551pt too wide) in paragraph at lines 161--166
 [] 
 []

[5 <./Imagen4.png>] [6 <./Imagen5.png> <./Imagen6.png>] [7 <./Imagen8.png> <./I
magen9.png>] [8 <./Imagen10.png>] (Proyecto-Latex.aux) ) 
Here is how much of TeX's memory you used:
 2187 strings out of 492482
 27160 string characters out of 3122028
 89892 words of memory out of 3000000
 6548 multiletter control sequences out of 15000+200000
 3948 words of font info for 15 fonts, out of 3000000 for 9000
 1141 hyphenation exceptions out of 8191
 30i,5n,27p,632b,172s stack positions out of 5000i,500n,10000p,200000b,50000s
<C:/Users/Alex/AppData/
Local/Programs/MiKTeX 2.9/fonts/type1/public/amsfonts/cm/cmbx10.pfb><C:/Users/A
lex/AppData/Local/Programs/MiKTeX 2.9/fonts/type1/public/amsfonts/cm/cmr10.pfb>
<C:/Users/Alex/AppData/Local/Programs/MiKTeX 2.9/fonts/type1/public/amsfonts/cm
/cmsy10.pfb>
Output written on Proyecto-Latex.pdf (8 pages, 1428529 bytes).
PDF statistics:
 60 PDF objects out of 1000 (max. 8388607)
 0 named destinations out of 1000 (max. 500000)
 46 words of extra memory for PDF output out of 10000 (max. 10000000)

